<?xml version="1.0" encoding="UTF-8"?>
<dependency-injection>
    <ini>:baseDir/test-props.ini</ini>
    <class-definition name="myObj" class="Fwk\Di\ClassDefinition" shared="true">
        <argument>\stdClass</argument>
        <call method="addArgument">
            <argument>ArgOne</argument>
        </call>
    </class-definition>
    <definition name="testDef">valueOfDefinition</definition>
    <array-definition name="arrayDef">
        <param key="debug">true</param>
    </array-definition>
</dependency-injection>
