<?xml version="1.0" encoding="UTF-8"?>
<dependency-injection>
    <ini>:baseDir/test-props.ini</ini>
    <listener class="Fwk\Di\Tests\Xml\TestXmlListenerOverride" />
    <listener service="listener.service" />

    <class-definition name="myObj" class="Fwk\Di\Definitions\ClassDefinition" shared="true">
        <argument>\stdClass</argument>
        <call method="addArgument">
            <argument>ArgOne</argument>
        </call>
        <data>
            <param key="testData">value</param>
        </data>
    </class-definition> 
    <definition name="testDef">valueOfDefinition</definition>
    <array-definition name="arrayDef">
        <param key="debug">true</param>
        <param key="iniProp">:iniProp</param>
        <data>
            <param key="testData">value</param>
        </data>
    </array-definition>
    <class-definition name="listener.service" class="Fwk\Di\Tests\Xml\TestXmlServiceListener" />
</dependency-injection>
